SF:/home/shashank/Projects/flutter_catalog/backend/catalogApp/catalog.db/DatabaseManager.cs
FN:3,System.String catalog.db.DatabaseManager::get_ConnectionString()
FNDA:0,System.String catalog.db.DatabaseManager::get_ConnectionString()
DA:4,0
FN:4,System.String catalog.db.DatabaseManager::get_DatabaseName()
FNDA:0,System.String catalog.db.DatabaseManager::get_DatabaseName()
DA:5,0
FN:5,System.String catalog.db.DatabaseManager::get_UsersCollection()
FNDA:0,System.String catalog.db.DatabaseManager::get_UsersCollection()
DA:6,0
FN:6,System.String catalog.db.DatabaseManager::get_AdvertisementCollection()
FNDA:0,System.String catalog.db.DatabaseManager::get_AdvertisementCollection()
DA:7,0
FN:7,System.String catalog.db.DatabaseManager::get_CategoryCollection()
FNDA:0,System.String catalog.db.DatabaseManager::get_CategoryCollection()
DA:8,0
FN:8,System.String catalog.db.DatabaseManager::get_ProductCollection()
FNDA:0,System.String catalog.db.DatabaseManager::get_ProductCollection()
DA:9,0
LF:6
LH:0
BRF:0
BRH:0
FNF:6
FNH:0
end_of_record
SF:/home/shashank/Projects/flutter_catalog/backend/catalogApp/catalog.db/DatabaseSettings.cs
FN:25,MongoDB.Driver.IMongoCollection`1<catalog.db.Models.User> catalog.db.DatabaseSettings::getUserCollection()
FNDA:0,MongoDB.Driver.IMongoCollection`1<catalog.db.Models.User> catalog.db.DatabaseSettings::getUserCollection()
DA:26,0
DA:27,0
DA:28,0
FN:30,MongoDB.Driver.IMongoCollection`1<catalog.db.Models.Advertisement> catalog.db.DatabaseSettings::getAdvertisementCollection()
FNDA:0,MongoDB.Driver.IMongoCollection`1<catalog.db.Models.Advertisement> catalog.db.DatabaseSettings::getAdvertisementCollection()
DA:31,0
DA:32,0
DA:33,0
FN:35,MongoDB.Driver.IMongoCollection`1<catalog.db.Models.Category> catalog.db.DatabaseSettings::getCategoryCollection()
FNDA:0,MongoDB.Driver.IMongoCollection`1<catalog.db.Models.Category> catalog.db.DatabaseSettings::getCategoryCollection()
DA:36,0
DA:37,0
DA:38,0
FN:40,MongoDB.Driver.IMongoCollection`1<catalog.db.Models.Product> catalog.db.DatabaseSettings::getProductCollection()
FNDA:0,MongoDB.Driver.IMongoCollection`1<catalog.db.Models.Product> catalog.db.DatabaseSettings::getProductCollection()
DA:41,0
DA:42,0
DA:43,0
FN:14,System.Void catalog.db.DatabaseSettings::.ctor(Microsoft.Extensions.Options.IOptions`1<catalog.db.DatabaseManager>)
FNDA:0,System.Void catalog.db.DatabaseSettings::.ctor(Microsoft.Extensions.Options.IOptions`1<catalog.db.DatabaseManager>)
DA:15,0
DA:16,0
DA:17,0
DA:18,0
DA:19,0
DA:20,0
DA:21,0
DA:22,0
DA:23,0
LF:21
LH:0
BRF:0
BRH:0
FNF:5
FNH:0
end_of_record
SF:/home/shashank/Projects/flutter_catalog/backend/catalogApp/catalog.db/Services/ProductService.cs
FN:10,System.Void catalog.db.Services.ProductService::.ctor(IDatabaseSettings)
FNDA:0,System.Void catalog.db.Services.ProductService::.ctor(IDatabaseSettings)
DA:11,0
DA:12,0
DA:13,0
DA:14,0
FN:40,System.Void catalog.db.Services.ProductService/<CreateAsync>d__7::MoveNext()
FNDA:0,System.Void catalog.db.Services.ProductService/<CreateAsync>d__7::MoveNext()
DA:41,0
FN:35,System.Void catalog.db.Services.ProductService/<GetAllTrendingProducts>d__6::MoveNext()
FNDA:0,System.Void catalog.db.Services.ProductService/<GetAllTrendingProducts>d__6::MoveNext()
DA:36,0
DA:37,0
DA:38,0
FN:16,System.Void catalog.db.Services.ProductService/<GetAsync>d__2::MoveNext()
FNDA:0,System.Void catalog.db.Services.ProductService/<GetAsync>d__2::MoveNext()
DA:17,0
FN:21,System.Void catalog.db.Services.ProductService/<GetAsync>d__3::MoveNext()
FNDA:0,System.Void catalog.db.Services.ProductService/<GetAsync>d__3::MoveNext()
DA:22,0
FN:24,System.Void catalog.db.Services.ProductService/<GetByCategoryName>d__4::MoveNext()
FNDA:0,System.Void catalog.db.Services.ProductService/<GetByCategoryName>d__4::MoveNext()
DA:25,0
DA:26,0
DA:29,0
FN:30,System.Void catalog.db.Services.ProductService/<GetByProductName>d__5::MoveNext()
FNDA:0,System.Void catalog.db.Services.ProductService/<GetByProductName>d__5::MoveNext()
DA:31,0
DA:32,0
DA:33,0
DA:34,0
FN:46,System.Void catalog.db.Services.ProductService/<RemoveAsync>d__9::MoveNext()
FNDA:0,System.Void catalog.db.Services.ProductService/<RemoveAsync>d__9::MoveNext()
DA:47,0
FN:43,System.Void catalog.db.Services.ProductService/<UpdateAsync>d__8::MoveNext()
FNDA:0,System.Void catalog.db.Services.ProductService/<UpdateAsync>d__8::MoveNext()
DA:44,0
LF:19
LH:0
BRF:0
BRH:0
FNF:9
FNH:0
end_of_record
SF:/home/shashank/Projects/flutter_catalog/backend/catalogApp/catalog.db/Services/Service.cs
FN:13,System.Void catalog.db.Services.Service`1::.ctor(Microsoft.Extensions.Options.IOptions`1<catalog.db.DatabaseManager>)
FNDA:0,System.Void catalog.db.Services.Service`1::.ctor(Microsoft.Extensions.Options.IOptions`1<catalog.db.DatabaseManager>)
DA:14,0
DA:15,0
DA:16,0
DA:17,0
DA:18,0
DA:19,0
FN:47,System.Void catalog.db.Services.Service`1/<CreateAsync>d__5::MoveNext()
FNDA:0,System.Void catalog.db.Services.Service`1/<CreateAsync>d__5::MoveNext()
DA:48,0
DA:50,0
DA:51,0
DA:52,0
DA:54,0
DA:55,0
DA:56,0
DA:58,0
FN:21,System.Void catalog.db.Services.Service`1/<GetAsync>d__3::MoveNext()
FNDA:0,System.Void catalog.db.Services.Service`1/<GetAsync>d__3::MoveNext()
DA:22,0
DA:24,0
DA:25,0
DA:26,0
DA:28,0
DA:29,0
DA:30,0
DA:32,0
FN:34,System.Void catalog.db.Services.Service`1/<GetAsync>d__4::MoveNext()
FNDA:0,System.Void catalog.db.Services.Service`1/<GetAsync>d__4::MoveNext()
DA:35,0
DA:37,0
DA:38,0
DA:39,0
DA:41,0
DA:42,0
DA:43,0
DA:45,0
FN:60,System.Void catalog.db.Services.Service`1/<GetAsyncByFilter>d__6::MoveNext()
FNDA:0,System.Void catalog.db.Services.Service`1/<GetAsyncByFilter>d__6::MoveNext()
DA:61,0
DA:62,0
DA:63,0
DA:64,0
FN:79,System.Void catalog.db.Services.Service`1/<RemoveAsync>d__8::MoveNext()
FNDA:0,System.Void catalog.db.Services.Service`1/<RemoveAsync>d__8::MoveNext()
DA:80,0
DA:82,0
DA:83,0
DA:84,0
DA:86,0
DA:87,0
DA:88,0
DA:90,0
BRDA:84,188,0,0
BRDA:84,188,1,0
FN:66,System.Void catalog.db.Services.Service`1/<UpdateAsync>d__7::MoveNext()
FNDA:0,System.Void catalog.db.Services.Service`1/<UpdateAsync>d__7::MoveNext()
DA:67,0
DA:69,0
DA:70,0
DA:71,0
DA:73,0
DA:74,0
DA:75,0
DA:77,0
LF:50
LH:0
BRF:2
BRH:0
FNF:7
FNH:0
end_of_record
SF:/home/shashank/Projects/flutter_catalog/backend/catalogApp/catalog.db/Models/Advertisement.cs
FN:10,System.String catalog.db.Models.Advertisement::get_Name()
FNDA:0,System.String catalog.db.Models.Advertisement::get_Name()
DA:11,0
FN:11,System.String catalog.db.Models.Advertisement::get_ImageUrl()
FNDA:0,System.String catalog.db.Models.Advertisement::get_ImageUrl()
DA:12,0
FN:12,System.Boolean catalog.db.Models.Advertisement::get_IsActive()
FNDA:0,System.Boolean catalog.db.Models.Advertisement::get_IsActive()
DA:13,0
LF:3
LH:0
BRF:0
BRH:0
FNF:3
FNH:0
end_of_record
SF:/home/shashank/Projects/flutter_catalog/backend/catalogApp/catalog.db/Models/Base.cs
FN:9,System.String catalog.db.Models.Base::get_Id()
FNDA:0,System.String catalog.db.Models.Base::get_Id()
DA:10,0
LF:1
LH:0
BRF:0
BRH:0
FNF:1
FNH:0
end_of_record
SF:/home/shashank/Projects/flutter_catalog/backend/catalogApp/catalog.db/Models/Category.cs
FN:11,System.String catalog.db.Models.Category::get_Id()
FNDA:0,System.String catalog.db.Models.Category::get_Id()
DA:12,0
FN:13,System.String catalog.db.Models.Category::get_Name()
FNDA:0,System.String catalog.db.Models.Category::get_Name()
DA:14,0
LF:2
LH:0
BRF:0
BRH:0
FNF:2
FNH:0
end_of_record
SF:/home/shashank/Projects/flutter_catalog/backend/catalogApp/catalog.db/Models/Product.cs
FN:10,System.String catalog.db.Models.Product::get_Id()
FNDA:0,System.String catalog.db.Models.Product::get_Id()
DA:11,0
FN:12,System.String catalog.db.Models.Product::get_Name()
FNDA:0,System.String catalog.db.Models.Product::get_Name()
DA:13,0
FN:13,System.String catalog.db.Models.Product::get_Description()
FNDA:0,System.String catalog.db.Models.Product::get_Description()
DA:14,0
FN:14,System.String catalog.db.Models.Product::get_ImageUrl()
FNDA:0,System.String catalog.db.Models.Product::get_ImageUrl()
DA:15,0
FN:15,System.Decimal catalog.db.Models.Product::get_Price()
FNDA:0,System.Decimal catalog.db.Models.Product::get_Price()
DA:16,0
FN:16,catalog.db.Models.Category catalog.db.Models.Product::get_Category()
FNDA:0,catalog.db.Models.Category catalog.db.Models.Product::get_Category()
DA:17,0
FN:17,System.Boolean catalog.db.Models.Product::get_IsTrending()
FNDA:0,System.Boolean catalog.db.Models.Product::get_IsTrending()
DA:18,0
LF:7
LH:0
BRF:0
BRH:0
FNF:7
FNH:0
end_of_record
SF:/home/shashank/Projects/flutter_catalog/backend/catalogApp/catalog.db/Models/User.cs
FN:10,System.String catalog.db.Models.User::get_Id()
FNDA:5,System.String catalog.db.Models.User::get_Id()
DA:11,5
FN:12,System.String catalog.db.Models.User::get_Username()
FNDA:3,System.String catalog.db.Models.User::get_Username()
DA:13,3
FN:13,System.String catalog.db.Models.User::get_Email()
FNDA:9,System.String catalog.db.Models.User::get_Email()
DA:14,9
FN:14,System.String catalog.db.Models.User::get_Password()
FNDA:7,System.String catalog.db.Models.User::get_Password()
DA:15,7
FN:15,System.String catalog.db.Models.User::get_FirstName()
FNDA:0,System.String catalog.db.Models.User::get_FirstName()
DA:16,0
FN:16,System.String catalog.db.Models.User::get_LastName()
FNDA:0,System.String catalog.db.Models.User::get_LastName()
DA:17,0
FN:17,System.String catalog.db.Models.User::get_Address()
FNDA:0,System.String catalog.db.Models.User::get_Address()
DA:18,0
FN:18,System.String catalog.db.Models.User::get_RefreshToken()
FNDA:1,System.String catalog.db.Models.User::get_RefreshToken()
DA:19,1
FN:19,System.DateTime catalog.db.Models.User::get_RefreshTokenExpirationDate()
FNDA:1,System.DateTime catalog.db.Models.User::get_RefreshTokenExpirationDate()
DA:20,1
LF:9
LH:6
BRF:0
BRH:0
FNF:9
FNH:6
end_of_record
SF:/home/shashank/Projects/flutter_catalog/backend/catalogApp/catalog.api/Program.cs
FN:11,System.Void Program::<Main>$(System.String[])
FNDA:0,System.Void Program::<Main>$(System.String[])
DA:12,0
DA:14,0
DA:16,0
DA:17,0
DA:18,0
DA:20,0
DA:23,0
DA:25,0
DA:26,0
DA:27,0
DA:28,0
DA:29,0
DA:31,0
DA:32,0
DA:33,0
DA:34,0
DA:35,0
DA:36,0
DA:37,0
DA:38,0
DA:40,0
DA:41,0
DA:42,0
DA:43,0
DA:44,0
DA:45,0
DA:46,0
DA:47,0
DA:48,0
DA:49,0
DA:50,0
DA:51,0
DA:52,0
DA:53,0
DA:54,0
DA:55,0
DA:56,0
DA:57,0
DA:60,0
DA:61,0
DA:62,0
DA:63,0
DA:64,0
DA:65,0
DA:66,0
DA:67,0
DA:68,0
DA:69,0
DA:70,0
DA:71,0
DA:72,0
DA:73,0
DA:74,0
DA:75,0
DA:76,0
DA:77,0
DA:78,0
DA:79,0
DA:80,0
DA:81,0
DA:82,0
DA:83,0
DA:84,0
DA:85,0
DA:86,0
DA:88,0
DA:90,0
DA:91,0
DA:92,0
DA:93,0
DA:94,0
DA:96,0
DA:98,0
DA:100,0
DA:102,0
DA:104,0
BRDA:90,480,0,0
BRDA:90,480,1,0
LF:76
LH:0
BRF:2
BRH:0
FNF:1
FNH:0
end_of_record
SF:/home/shashank/Projects/flutter_catalog/backend/catalogApp/catalog.api/Services/AdvertisementService.cs
FN:10,System.Void catalog.api.Services.AdvertisementService::.ctor(catalog.db.Services.Interface.IService`1<catalog.db.Models.Advertisement>)
FNDA:0,System.Void catalog.api.Services.AdvertisementService::.ctor(catalog.db.Services.Interface.IService`1<catalog.db.Models.Advertisement>)
DA:11,0
DA:12,0
DA:13,0
DA:14,0
FN:32,System.Void catalog.api.Services.AdvertisementService/<AddAdvertisement>d__4::MoveNext()
FNDA:0,System.Void catalog.api.Services.AdvertisementService/<AddAdvertisement>d__4::MoveNext()
DA:33,0
DA:34,0
DA:35,0
DA:36,0
FN:26,System.Void catalog.api.Services.AdvertisementService/<GetAdvertisementById>d__3::MoveNext()
FNDA:0,System.Void catalog.api.Services.AdvertisementService/<GetAdvertisementById>d__3::MoveNext()
DA:27,0
DA:28,0
DA:29,0
DA:30,0
FN:16,System.Void catalog.api.Services.AdvertisementService/<GetAllAdvertisements>d__2::MoveNext()
FNDA:0,System.Void catalog.api.Services.AdvertisementService/<GetAllAdvertisements>d__2::MoveNext()
DA:17,0
DA:18,0
DA:19,0
DA:20,0
DA:21,0
DA:23,0
DA:24,0
BRDA:19,158,0,0
BRDA:19,158,1,0
LF:19
LH:0
BRF:2
BRH:0
FNF:4
FNH:0
end_of_record
SF:/home/shashank/Projects/flutter_catalog/backend/catalogApp/catalog.api/Services/CategoryService.cs
FN:13,System.Void catalog.api.Services.CategoryService::.ctor(catalog.db.Services.Interface.IService`1<catalog.db.Models.Category>)
FNDA:0,System.Void catalog.api.Services.CategoryService::.ctor(catalog.db.Services.Interface.IService`1<catalog.db.Models.Category>)
DA:14,0
DA:15,0
DA:16,0
DA:17,0
FN:35,System.Void catalog.api.Services.CategoryService/<AddCategory>d__4::MoveNext()
FNDA:0,System.Void catalog.api.Services.CategoryService/<AddCategory>d__4::MoveNext()
DA:36,0
DA:37,0
DA:38,0
DA:39,0
FN:47,System.Void catalog.api.Services.CategoryService/<DeleteCategory>d__6::MoveNext()
FNDA:0,System.Void catalog.api.Services.CategoryService/<DeleteCategory>d__6::MoveNext()
DA:48,0
DA:49,0
DA:50,0
DA:51,0
FN:19,System.Void catalog.api.Services.CategoryService/<GetAllCategories>d__2::MoveNext()
FNDA:0,System.Void catalog.api.Services.CategoryService/<GetAllCategories>d__2::MoveNext()
DA:20,0
DA:21,0
DA:22,0
DA:23,0
DA:24,0
DA:26,0
DA:27,0
BRDA:22,158,0,0
BRDA:22,158,1,0
FN:29,System.Void catalog.api.Services.CategoryService/<GetCategoryById>d__3::MoveNext()
FNDA:0,System.Void catalog.api.Services.CategoryService/<GetCategoryById>d__3::MoveNext()
DA:30,0
DA:31,0
DA:32,0
DA:33,0
FN:41,System.Void catalog.api.Services.CategoryService/<UpdateCategory>d__5::MoveNext()
FNDA:0,System.Void catalog.api.Services.CategoryService/<UpdateCategory>d__5::MoveNext()
DA:42,0
DA:43,0
DA:44,0
DA:45,0
BRDA:44,153,0,0
BRDA:44,153,1,0
LF:27
LH:0
BRF:4
BRH:0
FNF:6
FNH:0
end_of_record
SF:/home/shashank/Projects/flutter_catalog/backend/catalogApp/catalog.api/Services/TokenHelper.cs
FN:21,System.String catalog.api.Services.TokenService::GenerateAccessToken(catalog.db.Models.User)
FNDA:0,System.String catalog.api.Services.TokenService::GenerateAccessToken(catalog.db.Models.User)
DA:22,0
DA:23,0
DA:24,0
DA:25,0
DA:26,0
DA:27,0
DA:28,0
DA:29,0
DA:30,0
DA:31,0
DA:32,0
DA:33,0
DA:34,0
DA:35,0
DA:37,0
DA:38,0
DA:39,0
FN:41,System.String catalog.api.Services.TokenService::GenerateRefreshToken()
FNDA:0,System.String catalog.api.Services.TokenService::GenerateRefreshToken()
DA:42,0
DA:43,0
DA:44,0
DA:45,0
DA:46,0
DA:47,0
DA:49,0
FN:51,System.Security.Claims.ClaimsPrincipal catalog.api.Services.TokenService::GetPrincipalFromExpiredToken(System.String)
FNDA:0,System.Security.Claims.ClaimsPrincipal catalog.api.Services.TokenService::GetPrincipalFromExpiredToken(System.String)
DA:52,0
DA:53,0
DA:54,0
DA:55,0
DA:56,0
DA:57,0
DA:58,0
DA:59,0
DA:60,0
DA:61,0
DA:62,0
DA:64,0
DA:65,0
DA:66,0
DA:67,0
DA:68,0
DA:69,0
BRDA:66,99,0,0
BRDA:66,99,1,0
BRDA:66,134,0,0
BRDA:66,134,1,0
FN:15,System.Void catalog.api.Services.TokenService::.ctor(catalog.api.Models.JwtSettings)
FNDA:0,System.Void catalog.api.Services.TokenService::.ctor(catalog.api.Models.JwtSettings)
DA:16,0
DA:17,0
DA:18,0
DA:19,0
LF:45
LH:0
BRF:4
BRH:0
FNF:4
FNH:0
end_of_record
SF:/home/shashank/Projects/flutter_catalog/backend/catalogApp/catalog.api/Services/UserService.cs
FN:15,System.Void catalog.api.Services.UserService::.ctor(catalog.db.Services.Interface.IService`1<catalog.db.Models.User>,catalog.api.Services.ITokenService)
FNDA:5,System.Void catalog.api.Services.UserService::.ctor(catalog.db.Services.Interface.IService`1<catalog.db.Models.User>,catalog.api.Services.ITokenService)
DA:16,5
DA:17,5
DA:18,5
DA:19,5
DA:20,5
FN:85,System.Boolean catalog.api.Services.UserService/<>c::<RegenerateRefreshToken>b__5_0(System.Security.Claims.Claim)
FNDA:0,System.Boolean catalog.api.Services.UserService/<>c::<RegenerateRefreshToken>b__5_0(System.Security.Claims.Claim)
DA:86,0
FN:46,System.Void catalog.api.Services.UserService/<LoginUser>d__4::MoveNext()
FNDA:3,System.Void catalog.api.Services.UserService/<LoginUser>d__4::MoveNext()
DA:47,3
DA:48,3
DA:49,3
DA:50,3
DA:51,3
DA:52,3
DA:53,2
DA:54,2
DA:55,2
DA:56,2
DA:58,1
DA:59,1
DA:60,0
DA:61,0
DA:62,0
DA:63,0
DA:65,1
DA:66,1
DA:68,1
DA:69,1
DA:72,1
DA:74,1
DA:75,1
DA:76,1
DA:77,1
DA:78,1
DA:79,3
BRDA:52,353,0,2
BRDA:52,353,1,1
BRDA:59,443,0,0
BRDA:59,443,1,1
FN:81,System.Void catalog.api.Services.UserService/<RegenerateRefreshToken>d__5::MoveNext()
FNDA:0,System.Void catalog.api.Services.UserService/<RegenerateRefreshToken>d__5::MoveNext()
DA:82,0
DA:83,0
DA:85,0
DA:87,0
DA:88,0
DA:89,0
DA:90,0
DA:92,0
DA:93,0
DA:94,0
DA:96,0
DA:97,0
DA:100,0
DA:102,0
DA:104,0
DA:105,0
BRDA:89,136,0,0
BRDA:89,136,1,0
BRDA:93,301,0,0
BRDA:93,301,1,0
FN:21,System.Void catalog.api.Services.UserService/<RegisterUser>d__3::MoveNext()
FNDA:2,System.Void catalog.api.Services.UserService/<RegisterUser>d__3::MoveNext()
DA:22,2
DA:23,2
DA:24,2
DA:25,1
DA:26,1
DA:27,1
DA:28,1
DA:30,1
DA:31,1
DA:32,1
DA:33,1
DA:34,1
DA:35,1
DA:36,1
DA:38,1
DA:39,1
DA:40,1
DA:41,1
DA:42,1
DA:43,1
DA:44,2
BRDA:24,319,0,1
BRDA:24,319,1,1
LF:70
LH:49
BRF:10
BRH:5
FNF:5
FNH:3
end_of_record
SF:/home/shashank/Projects/flutter_catalog/backend/catalogApp/catalog.api/Models/ApiResponse.cs
FN:9,System.String catalog.api.Models.ApiResponse::get_Version()
FNDA:0,System.String catalog.api.Models.ApiResponse::get_Version()
DA:10,0
FN:12,System.Int32 catalog.api.Models.ApiResponse::get_StatusCode()
FNDA:0,System.Int32 catalog.api.Models.ApiResponse::get_StatusCode()
DA:13,0
FN:15,System.String catalog.api.Models.ApiResponse::get_ErrorMessage()
FNDA:0,System.String catalog.api.Models.ApiResponse::get_ErrorMessage()
DA:16,0
FN:18,System.Object catalog.api.Models.ApiResponse::get_Result()
FNDA:0,System.Object catalog.api.Models.ApiResponse::get_Result()
DA:19,0
FN:20,System.Void catalog.api.Models.ApiResponse::.ctor(System.Net.HttpStatusCode,System.Object,System.String)
FNDA:0,System.Void catalog.api.Models.ApiResponse::.ctor(System.Net.HttpStatusCode,System.Object,System.String)
DA:21,0
DA:22,0
DA:23,0
DA:24,0
DA:25,0
DA:26,0
LF:10
LH:0
BRF:0
BRH:0
FNF:5
FNH:0
end_of_record
SF:/home/shashank/Projects/flutter_catalog/backend/catalogApp/catalog.api/Models/Authentication/AuthenticationResponseModel.cs
FN:4,System.String catalog.api.Models.AuthenticationResult::get_Token()
FNDA:5,System.String catalog.api.Models.AuthenticationResult::get_Token()
DA:5,5
FN:5,System.String catalog.api.Models.AuthenticationResult::get_RefreshToken()
FNDA:2,System.String catalog.api.Models.AuthenticationResult::get_RefreshToken()
DA:6,2
FN:6,System.Boolean catalog.api.Models.AuthenticationResult::get_Success()
FNDA:12,System.Boolean catalog.api.Models.AuthenticationResult::get_Success()
DA:7,12
FN:7,System.String[] catalog.api.Models.AuthenticationResult::get_Error()
FNDA:9,System.String[] catalog.api.Models.AuthenticationResult::get_Error()
DA:8,9
LF:4
LH:4
BRF:0
BRH:0
FNF:4
FNH:4
end_of_record
SF:/home/shashank/Projects/flutter_catalog/backend/catalogApp/catalog.api/Models/Authentication/TokenApiModel.cs
FN:4,System.String catalog.api.Models.TokenApiModel::get_AccessToken()
FNDA:0,System.String catalog.api.Models.TokenApiModel::get_AccessToken()
DA:5,0
FN:5,System.String catalog.api.Models.TokenApiModel::get_RefreshToken()
FNDA:0,System.String catalog.api.Models.TokenApiModel::get_RefreshToken()
DA:6,0
LF:2
LH:0
BRF:0
BRH:0
FNF:2
FNH:0
end_of_record
SF:/home/shashank/Projects/flutter_catalog/backend/catalogApp/catalog.api/Models/JwtSettings.cs
FN:4,System.String catalog.api.Models.JwtSettings::get_Secret()
FNDA:0,System.String catalog.api.Models.JwtSettings::get_Secret()
DA:5,0
LF:1
LH:0
BRF:0
BRH:0
FNF:1
FNH:0
end_of_record
SF:/home/shashank/Projects/flutter_catalog/backend/catalogApp/catalog.api/Models/User/UserLoginModel.cs
FN:4,System.String catalog.api.Models.User.UserLoginModel::get_Email()
FNDA:6,System.String catalog.api.Models.User.UserLoginModel::get_Email()
DA:5,6
FN:5,System.String catalog.api.Models.User.UserLoginModel::get_Password()
FNDA:4,System.String catalog.api.Models.User.UserLoginModel::get_Password()
DA:6,4
LF:2
LH:2
BRF:0
BRH:0
FNF:2
FNH:2
end_of_record
SF:/home/shashank/Projects/flutter_catalog/backend/catalogApp/catalog.api/Models/User/UserRegisterModel.cs
FN:4,System.String catalog.api.Models.User.UserRegisterModel::get_Email()
FNDA:4,System.String catalog.api.Models.User.UserRegisterModel::get_Email()
DA:5,4
FN:5,System.String catalog.api.Models.User.UserRegisterModel::get_Password()
FNDA:3,System.String catalog.api.Models.User.UserRegisterModel::get_Password()
DA:6,3
LF:2
LH:2
BRF:0
BRH:0
FNF:2
FNH:2
end_of_record
SF:/home/shashank/Projects/flutter_catalog/backend/catalogApp/catalog.api/Helpers/EncryptionHelper.cs
FN:10,System.String catalog.api.Helpers.EncryptionHelper::CreateHash(System.String,System.Int32)
FNDA:3,System.String catalog.api.Helpers.EncryptionHelper::CreateHash(System.String,System.Int32)
DA:11,3
DA:13,3
DA:14,3
DA:15,3
DA:16,3
DA:17,3
DA:20,3
DA:21,3
DA:24,3
DA:25,3
DA:26,3
DA:29,3
DA:32,3
DA:33,3
FN:35,System.String catalog.api.Helpers.EncryptionHelper::CreateHash(System.String)
FNDA:3,System.String catalog.api.Helpers.EncryptionHelper::CreateHash(System.String)
DA:36,3
DA:37,3
DA:38,3
FN:40,System.Boolean catalog.api.Helpers.EncryptionHelper::IsHashSupported(System.String)
FNDA:1,System.Boolean catalog.api.Helpers.EncryptionHelper::IsHashSupported(System.String)
DA:41,1
DA:42,1
DA:43,1
FN:45,System.Boolean catalog.api.Helpers.EncryptionHelper::Verify(System.String,System.String)
FNDA:1,System.Boolean catalog.api.Helpers.EncryptionHelper::Verify(System.String,System.String)
DA:46,1
DA:48,1
DA:49,0
DA:50,0
DA:54,1
DA:55,1
DA:56,1
DA:59,1
DA:62,1
DA:63,1
DA:66,1
DA:67,1
DA:70,42
DA:71,20
DA:72,20
DA:73,0
DA:74,0
DA:76,20
DA:77,1
DA:78,1
BRDA:48,14,0,0
BRDA:48,14,1,1
BRDA:70,169,1,20
BRDA:72,144,0,0
BRDA:72,144,1,20
BRDA:70,169,0,1
LF:40
LH:36
BRF:6
BRH:4
FNF:4
FNH:4
end_of_record
SF:/home/shashank/Projects/flutter_catalog/backend/catalogApp/catalog.api/Controllers/AdvertisementController.cs
FN:14,System.Void catalog.api.Controllers.AdvertisementController::.ctor(catalog.api.Services.Interfaces.IAdvertisementService)
FNDA:0,System.Void catalog.api.Controllers.AdvertisementController::.ctor(catalog.api.Services.Interfaces.IAdvertisementService)
DA:15,0
DA:16,0
DA:17,0
DA:18,0
FN:39,System.Void catalog.api.Controllers.AdvertisementController/<AddAdvertisement>d__4::MoveNext()
FNDA:0,System.Void catalog.api.Controllers.AdvertisementController/<AddAdvertisement>d__4::MoveNext()
DA:40,0
DA:41,0
DA:42,0
DA:43,0
DA:46,0
DA:47,0
DA:48,0
BRDA:41,26,0,0
BRDA:41,26,1,0
FN:28,System.Void catalog.api.Controllers.AdvertisementController/<GetAdvertisementById>d__3::MoveNext()
FNDA:0,System.Void catalog.api.Controllers.AdvertisementController/<GetAdvertisementById>d__3::MoveNext()
DA:29,0
DA:30,0
DA:31,0
DA:32,0
DA:34,0
DA:35,0
DA:36,0
BRDA:30,28,0,0
BRDA:30,28,1,0
FN:21,System.Void catalog.api.Controllers.AdvertisementController/<GetAdvertisements>d__2::MoveNext()
FNDA:0,System.Void catalog.api.Controllers.AdvertisementController/<GetAdvertisements>d__2::MoveNext()
DA:22,0
DA:23,0
DA:24,0
DA:25,0
LF:22
LH:0
BRF:4
BRH:0
FNF:4
FNH:0
end_of_record
SF:/home/shashank/Projects/flutter_catalog/backend/catalogApp/catalog.api/Controllers/CategoryController.cs
FN:14,System.Void catalog.api.Controllers.CategoryController::.ctor(catalog.api.Services.CategoryService)
FNDA:0,System.Void catalog.api.Controllers.CategoryController::.ctor(catalog.api.Services.CategoryService)
DA:15,0
DA:16,0
DA:17,0
DA:18,0
FN:43,System.Void catalog.api.Controllers.CategoryController/<AddCategory>d__4::MoveNext()
FNDA:0,System.Void catalog.api.Controllers.CategoryController/<AddCategory>d__4::MoveNext()
DA:44,0
DA:45,0
DA:46,0
DA:47,0
DA:49,0
DA:50,0
DA:51,0
DA:52,0
DA:53,0
BRDA:45,26,0,0
BRDA:45,26,1,0
BRDA:50,201,0,0
BRDA:50,201,1,0
FN:21,System.Void catalog.api.Controllers.CategoryController/<GetCategory>d__2::MoveNext()
FNDA:0,System.Void catalog.api.Controllers.CategoryController/<GetCategory>d__2::MoveNext()
DA:22,0
DA:23,0
DA:24,0
DA:25,0
DA:26,0
DA:27,0
BRDA:24,158,0,0
BRDA:24,158,1,0
FN:30,System.Void catalog.api.Controllers.CategoryController/<GetCategoryById>d__3::MoveNext()
FNDA:0,System.Void catalog.api.Controllers.CategoryController/<GetCategoryById>d__3::MoveNext()
DA:31,0
DA:32,0
DA:33,0
DA:34,0
DA:36,0
DA:37,0
DA:38,0
DA:39,0
DA:40,0
BRDA:32,28,0,0
BRDA:32,28,1,0
BRDA:37,203,0,0
BRDA:37,203,1,0
LF:28
LH:0
BRF:10
BRH:0
FNF:4
FNH:0
end_of_record
SF:/home/shashank/Projects/flutter_catalog/backend/catalogApp/catalog.api/Controllers/ProductController.cs
FN:15,System.Void catalog.api.Controllers.ProductController::.ctor(catalog.db.Services.ProductService)
FNDA:0,System.Void catalog.api.Controllers.ProductController::.ctor(catalog.db.Services.ProductService)
DA:16,0
DA:17,0
DA:18,0
DA:19,0
FN:59,System.Void catalog.api.Controllers.ProductController/<AddProduct>d__6::MoveNext()
FNDA:0,System.Void catalog.api.Controllers.ProductController/<AddProduct>d__6::MoveNext()
DA:60,0
DA:61,0
DA:63,0
DA:64,0
FN:52,System.Void catalog.api.Controllers.ProductController/<GetAllTrendingProducts>d__5::MoveNext()
FNDA:0,System.Void catalog.api.Controllers.ProductController/<GetAllTrendingProducts>d__5::MoveNext()
DA:53,0
DA:54,0
DA:55,0
DA:56,0
BRDA:55,152,0,0
BRDA:55,152,1,0
FN:37,System.Void catalog.api.Controllers.ProductController/<GetProductByCategoryName>d__3::MoveNext()
FNDA:0,System.Void catalog.api.Controllers.ProductController/<GetProductByCategoryName>d__3::MoveNext()
DA:38,0
DA:39,0
DA:40,0
DA:41,0
BRDA:40,158,0,0
BRDA:40,158,1,0
FN:29,System.Void catalog.api.Controllers.ProductController/<GetProductById>d__2::MoveNext()
FNDA:0,System.Void catalog.api.Controllers.ProductController/<GetProductById>d__2::MoveNext()
DA:30,0
DA:31,0
DA:32,0
DA:33,0
BRDA:32,158,0,0
BRDA:32,158,1,0
FN:45,System.Void catalog.api.Controllers.ProductController/<GetProductByName>d__4::MoveNext()
FNDA:0,System.Void catalog.api.Controllers.ProductController/<GetProductByName>d__4::MoveNext()
DA:46,0
DA:47,0
DA:48,0
DA:49,0
BRDA:48,163,0,0
BRDA:48,163,1,0
LF:24
LH:0
BRF:8
BRH:0
FNF:6
FNH:0
end_of_record
SF:/home/shashank/Projects/flutter_catalog/backend/catalogApp/catalog.api/Controllers/UserController.cs
FN:14,System.Void catalog.api.Controllers.UserController::.ctor(catalog.api.Services.Interfaces.IUserService)
FNDA:0,System.Void catalog.api.Controllers.UserController::.ctor(catalog.api.Services.Interfaces.IUserService)
DA:15,0
DA:16,0
DA:17,0
DA:18,0
FN:34,System.Void catalog.api.Controllers.UserController/<LoginUser>d__3::MoveNext()
FNDA:0,System.Void catalog.api.Controllers.UserController/<LoginUser>d__3::MoveNext()
DA:35,0
DA:36,0
DA:37,0
DA:38,0
DA:40,0
DA:41,0
DA:42,0
DA:43,0
DA:44,0
BRDA:36,26,0,0
BRDA:36,26,1,0
BRDA:41,206,0,0
BRDA:41,206,1,0
FN:21,System.Void catalog.api.Controllers.UserController/<RegisterUser>d__2::MoveNext()
FNDA:0,System.Void catalog.api.Controllers.UserController/<RegisterUser>d__2::MoveNext()
DA:22,0
DA:23,0
DA:24,0
DA:25,0
DA:27,0
DA:28,0
DA:29,0
DA:30,0
DA:31,0
BRDA:23,26,0,0
BRDA:23,26,1,0
BRDA:28,206,0,0
BRDA:28,206,1,0
LF:22
LH:0
BRF:8
BRH:0
FNF:3
FNH:0
end_of_record